Watching for file changes with StatReloader
Not Found: /
"GET / HTTP/1.1" 404 2472
>>>>>>>>>>>>>> Something Debug wrong!
"GET /addUser/ HTTP/1.1" 200 26
Not Found: /
"GET / HTTP/1.1" 404 2472
Something warning wrong!
"GET /addSomething/ HTTP/1.1" 200 31
Not Found: /
"GET / HTTP/1.1" 404 2472
Internal Server Error: /addNew/<someNumber>
Traceback (most recent call last):
  File "C:\Users\Abdul Awal Nadim\AppData\Roaming\Python\Python37\site-packages\django\core\handlers\exception.py", line 34, in inner
    response = get_response(request)
  File "C:\Users\Abdul Awal Nadim\AppData\Roaming\Python\Python37\site-packages\django\core\handlers\base.py", line 115, in _get_response
    response = self.process_exception_by_middleware(e, request)
  File "C:\Users\Abdul Awal Nadim\AppData\Roaming\Python\Python37\site-packages\django\core\handlers\base.py", line 113, in _get_response
    response = wrapped_callback(request, *callback_args, **callback_kwargs)
  File "E:\Django\Django_Logging\djangoLogging2\enroll\views.py", line 23, in addNew
    val = {'response': 'Something Added New', 'numberGiven': int(someNumber)}
ValueError: invalid literal for int() with base 10: '<someNumber>'
"GET /addNew/%3CsomeNumber%3E HTTP/1.1" 500 70040
Internal Server Error: /addNewError/<someNumber>
Traceback (most recent call last):
  File "C:\Users\Abdul Awal Nadim\AppData\Roaming\Python\Python37\site-packages\django\core\handlers\exception.py", line 34, in inner
    response = get_response(request)
  File "C:\Users\Abdul Awal Nadim\AppData\Roaming\Python\Python37\site-packages\django\core\handlers\base.py", line 126, in _get_response
    "returned None instead." % (callback.__module__, view_name)
ValueError: The view enroll.views.addNewError didn't return an HttpResponse object. It returned None instead.
"GET /addNewError/%3CsomeNumber%3E HTTP/1.1" 500 60933
"GET /admin/ HTTP/1.1" 302 0
"GET /admin/login/?next=/admin/ HTTP/1.1" 200 1819
"POST /admin/login/?next=/admin/ HTTP/1.1" 302 0
"GET /admin/ HTTP/1.1" 200 3043
"GET /admin/auth/user/ HTTP/1.1" 200 6611
"GET /admin/jsi18n/ HTTP/1.1" 200 3223
"GET /static/admin/css/changelists.css HTTP/1.1" 200 6170
"GET /static/admin/js/jquery.init.js HTTP/1.1" 200 363
"GET /static/admin/js/actions.js HTTP/1.1" 200 6766
"GET /static/admin/js/urlify.js HTTP/1.1" 200 8941
"GET /static/admin/js/prepopulate.js HTTP/1.1" 200 1530
"GET /static/admin/js/admin/RelatedObjectLookups.js HTTP/1.1" 200 6918
"GET /static/admin/js/core.js HTTP/1.1" 200 7099
"GET /static/admin/js/vendor/xregexp/xregexp.js HTTP/1.1" 200 128820
"GET /static/admin/img/search.svg HTTP/1.1" 200 458
"GET /static/admin/img/icon-yes.svg HTTP/1.1" 200 436
"GET /static/admin/js/vendor/jquery/jquery.js HTTP/1.1" 200 287630
"GET /static/admin/img/tooltag-add.svg HTTP/1.1" 200 331
"GET /static/admin/img/sorting-icons.svg HTTP/1.1" 200 1097
