[01-Oct-2020 15:09:29 Asia/Dhaka], PHP Notice:, Trying to get property 'message' of non-object in D:\htdocs\easyjanata\jez_android_api\jez_billers\jez_api_bill_info.php on line 106
[01-Oct-2020 15:09:29 Asia/Dhaka], PHP Notice:, Undefined variable: message in D:\htdocs\easyjanata\jez_android_api\jez_billers\jez_api_bill_info.php on line 129
[01-Oct-2020 15:13:00 Asia/Dhaka], PHP Notice:,  Trying to get property 'message' of non-object in D:\htdocs\easyjanata\jez_android_api\jez_billers\jez_api_bill_info.php on line 106
[01-Oct-2020 15:13:00 Asia/Dhaka], PHP Notice:,  Undefined variable: message in D:\htdocs\easyjanata\jez_android_api\jez_billers\jez_api_bill_info.php on line 129
[01-Oct-2020 15:14:07 Asia/Dhaka], PHP Notice:,  Undefined variable: jeson_result in D:\htdocs\easyjanata\jez_android_api\jez_billers\jez_api_bill_info.php on line 145
[01-Oct-2020 15:14:19 Asia/Dhaka], PHP Notice:,  Undefined variable: jeson_result in D:\htdocs\easyjanata\jez_android_api\jez_billers\jez_api_bill_info.php on line 145
[01-Oct-2020 15:15:51 Asia/Dhaka], PHP Notice:,  Trying to get property 'data' of non-object in D:\htdocs\easyjanata\jez_android_api\jez_billers\jez_api_bill_info.php on line 106
[01-Oct-2020 15:15:51 Asia/Dhaka], PHP Notice:,  Trying to get property 'message' of non-object in D:\htdocs\easyjanata\jez_android_api\jez_billers\jez_api_bill_info.php on line 106
[01-Oct-2020 15:15:51 Asia/Dhaka], PHP Notice:,  Undefined variable: message in D:\htdocs\easyjanata\jez_android_api\jez_billers\jez_api_bill_info.php on line 129
[01-Oct-2020 15:22:01 Asia/Dhaka], PHP Notice:,  Undefined variable: message in D:\htdocs\easyjanata\jez_android_api\jez_billers\jez_api_bill_info.php on line 129
[01-Oct-2020 15:22:01 Asia/Dhaka], PHP Notice:,  Undefined variable: jeson_result in D:\htdocs\easyjanata\jez_android_api\jez_billers\jez_api_bill_info.php on line 145
[04-Oct-2020 14:21:21 Asia/Dhaka], PHP Notice:,  Undefined variable: userLevel in D:\htdocs\jbeasyjanata\jez_customer\cust_profile_list.php on line 104
[04-Oct-2020 14:21:21 Asia/Dhaka], PHP Warning:,  sqlsrv_fetch_array() expects parameter 1 to be resource, bool given in D:\htdocs\jbeasyjanata\jez_classes\clsdataview.php on line 139
[04-Oct-2020 14:21:21 Asia/Dhaka], PHP Warning:,  sqlsrv_free_stmt() expects parameter 1 to be resource, bool given in D:\htdocs\jbeasyjanata\jez_classes\clsdataview.php on line 147
[04-Oct-2020 14:21:51 Asia/Dhaka], PHP Warning:,  sqlsrv_fetch_array() expects parameter 1 to be resource, bool given in D:\htdocs\jbeasyjanata\jez_classes\clsdataview.php on line 139
[04-Oct-2020 14:21:51 Asia/Dhaka], PHP Warning:,  sqlsrv_free_stmt() expects parameter 1 to be resource, bool given in D:\htdocs\jbeasyjanata\jez_classes\clsdataview.php on line 147
[04-Oct-2020 14:28:11 Asia/Dhaka], PHP Warning:,  sqlsrv_fetch_array() expects parameter 1 to be resource, bool given in D:\htdocs\jbeasyjanata\jez_classes\clsdataview.php on line 139
[04-Oct-2020 14:28:11 Asia/Dhaka], PHP Warning:,  sqlsrv_free_stmt() expects parameter 1 to be resource, bool given in D:\htdocs\jbeasyjanata\jez_classes\clsdataview.php on line 147
[05-Oct-2020 11:29:26 Asia/Dhaka], PHP Notice:,  Undefined index: total_row in D:\htdocs\elearning\elearn_officers\clsofficersview.php on line 233
[05-Oct-2020 11:29:26 Asia/Dhaka], PHP Notice:,  Undefined variable: nextansid in D:\htdocs\elearning\elearn_officers\clsofficersview.php on line 303
[05-Oct-2020 11:29:26 Asia/Dhaka], PHP Notice:,  Undefined index: total_row in D:\htdocs\elearning\elearn_officers\clsofficersview.php on line 233
[05-Oct-2020 11:29:26 Asia/Dhaka], PHP Notice:,  Undefined variable: nextansid in D:\htdocs\elearning\elearn_officers\clsofficersview.php on line 303
[05-Oct-2020 11:29:26 Asia/Dhaka], PHP Notice:,  Undefined index: total_row in D:\htdocs\elearning\elearn_officers\clsofficersview.php on line 233
[05-Oct-2020 11:29:26 Asia/Dhaka], PHP Notice:,  Undefined variable: nextansid in D:\htdocs\elearning\elearn_officers\clsofficersview.php on line 303
[05-Oct-2020 11:29:26 Asia/Dhaka], PHP Notice:,  Undefined index: total_row in D:\htdocs\elearning\elearn_officers\clsofficersview.php on line 233
[05-Oct-2020 11:29:26 Asia/Dhaka], PHP Notice:,  Undefined variable: nextansid in D:\htdocs\elearning\elearn_officers\clsofficersview.php on line 303
[05-Oct-2020 11:29:26 Asia/Dhaka], PHP Notice:,  Undefined index: total_row in D:\htdocs\elearning\elearn_officers\clsofficersview.php on line 233
[05-Oct-2020 11:29:26 Asia/Dhaka], PHP Notice:,  Undefined variable: nextansid in D:\htdocs\elearning\elearn_officers\clsofficersview.php on line 303
[05-Oct-2020 11:29:26 Asia/Dhaka], PHP Notice:,  Undefined index: total_row in D:\htdocs\elearning\elearn_officers\clsofficersview.php on line 233
[05-Oct-2020 11:29:26 Asia/Dhaka], PHP Notice:,  Undefined variable: nextansid in D:\htdocs\elearning\elearn_officers\clsofficersview.php on line 303
[05-Oct-2020 11:29:26 Asia/Dhaka], PHP Notice:,  Undefined index: total_row in D:\htdocs\elearning\elearn_officers\clsofficersview.php on line 233
[05-Oct-2020 11:29:26 Asia/Dhaka], PHP Notice:,  Undefined variable: nextansid in D:\htdocs\elearning\elearn_officers\clsofficersview.php on line 303
[05-Oct-2020 11:29:26 Asia/Dhaka], PHP Notice:,  Undefined index: total_row in D:\htdocs\elearning\elearn_officers\clsofficersview.php on line 233
[05-Oct-2020 11:29:26 Asia/Dhaka], PHP Notice:,  Undefined variable: nextansid in D:\htdocs\elearning\elearn_officers\clsofficersview.php on line 303
[05-Oct-2020 11:29:26 Asia/Dhaka], PHP Notice:,  Undefined index: total_row in D:\htdocs\elearning\elearn_officers\clsofficersview.php on line 233
[05-Oct-2020 11:29:26 Asia/Dhaka], PHP Notice:,  Undefined variable: nextansid in D:\htdocs\elearning\elearn_officers\clsofficersview.php on line 303
[05-Oct-2020 11:29:26 Asia/Dhaka], PHP Notice:,  Undefined index: total_row in D:\htdocs\elearning\elearn_officers\clsofficersview.php on line 233
[05-Oct-2020 11:29:26 Asia/Dhaka], PHP Notice:,  Undefined variable: nextansid in D:\htdocs\elearning\elearn_officers\clsofficersview.php on line 303
[05-Oct-2020 11:29:26 Asia/Dhaka], PHP Notice:,  Undefined index: total_row in D:\htdocs\elearning\elearn_officers\clsofficersview.php on line 233
[05-Oct-2020 11:29:26 Asia/Dhaka], PHP Notice:,  Undefined variable: nextansid in D:\htdocs\elearning\elearn_officers\clsofficersview.php on line 303
[05-Oct-2020 11:29:26 Asia/Dhaka], PHP Notice:,  Undefined index: total_row in D:\htdocs\elearning\elearn_officers\clsofficersview.php on line 233
[05-Oct-2020 11:29:26 Asia/Dhaka], PHP Notice:,  Undefined variable: nextansid in D:\htdocs\elearning\elearn_officers\clsofficersview.php on line 303
[05-Oct-2020 11:29:26 Asia/Dhaka], PHP Notice:,  Undefined index: total_row in D:\htdocs\elearning\elearn_officers\clsofficersview.php on line 233
[05-Oct-2020 11:29:26 Asia/Dhaka], PHP Notice:,  Undefined variable: nextansid in D:\htdocs\elearning\elearn_officers\clsofficersview.php on line 303
[05-Oct-2020 11:29:26 Asia/Dhaka], PHP Notice:,  Undefined index: total_row in D:\htdocs\elearning\elearn_officers\clsofficersview.php on line 233
[05-Oct-2020 11:29:26 Asia/Dhaka], PHP Notice:,  Undefined variable: nextansid in D:\htdocs\elearning\elearn_officers\clsofficersview.php on line 303
[05-Oct-2020 11:29:26 Asia/Dhaka], PHP Notice:,  Undefined index: total_row in D:\htdocs\elearning\elearn_officers\clsofficersview.php on line 233
[05-Oct-2020 11:29:26 Asia/Dhaka], PHP Notice:,  Undefined variable: nextansid in D:\htdocs\elearning\elearn_officers\clsofficersview.php on line 303
[05-Oct-2020 11:30:22 Asia/Dhaka], PHP Notice:,  Undefined index: total_row in D:\htdocs\elearning\elearn_officers\clsofficersview.php on line 233
[05-Oct-2020 11:30:22 Asia/Dhaka], PHP Notice:,  Undefined variable: nextansid in D:\htdocs\elearning\elearn_officers\clsofficersview.php on line 303
[05-Oct-2020 11:30:22 Asia/Dhaka], PHP Notice:,  Undefined index: total_row in D:\htdocs\elearning\elearn_officers\clsofficersview.php on line 233
[05-Oct-2020 11:30:22 Asia/Dhaka], PHP Notice:,  Undefined variable: nextansid in D:\htdocs\elearning\elearn_officers\clsofficersview.php on line 303
[05-Oct-2020 11:30:22 Asia/Dhaka], PHP Notice:,  Undefined index: total_row in D:\htdocs\elearning\elearn_officers\clsofficersview.php on line 233
[05-Oct-2020 11:30:22 Asia/Dhaka], PHP Notice:,  Undefined variable: nextansid in D:\htdocs\elearning\elearn_officers\clsofficersview.php on line 303
[05-Oct-2020 11:30:22 Asia/Dhaka], PHP Notice:,  Undefined index: total_row in D:\htdocs\elearning\elearn_officers\clsofficersview.php on line 233
[05-Oct-2020 11:30:22 Asia/Dhaka], PHP Notice:,  Undefined variable: nextansid in D:\htdocs\elearning\elearn_officers\clsofficersview.php on line 303
[05-Oct-2020 11:30:22 Asia/Dhaka], PHP Notice:,  Undefined index: total_row in D:\htdocs\elearning\elearn_officers\clsofficersview.php on line 233
[05-Oct-2020 11:30:22 Asia/Dhaka], PHP Notice:,  Undefined variable: nextansid in D:\htdocs\elearning\elearn_officers\clsofficersview.php on line 303
[05-Oct-2020 11:30:22 Asia/Dhaka], PHP Notice:,  Undefined index: total_row in D:\htdocs\elearning\elearn_officers\clsofficersview.php on line 233
[05-Oct-2020 11:30:22 Asia/Dhaka], PHP Notice:,  Undefined variable: nextansid in D:\htdocs\elearning\elearn_officers\clsofficersview.php on line 303
[05-Oct-2020 11:30:22 Asia/Dhaka], PHP Notice:,  Undefined index: total_row in D:\htdocs\elearning\elearn_officers\clsofficersview.php on line 233
[05-Oct-2020 11:30:22 Asia/Dhaka], PHP Notice:,  Undefined variable: nextansid in D:\htdocs\elearning\elearn_officers\clsofficersview.php on line 303
[05-Oct-2020 11:30:22 Asia/Dhaka], PHP Notice:,  Undefined index: total_row in D:\htdocs\elearning\elearn_officers\clsofficersview.php on line 233
[05-Oct-2020 11:30:22 Asia/Dhaka], PHP Notice:,  Undefined variable: nextansid in D:\htdocs\elearning\elearn_officers\clsofficersview.php on line 303
[05-Oct-2020 11:30:22 Asia/Dhaka], PHP Notice:,  Undefined index: total_row in D:\htdocs\elearning\elearn_officers\clsofficersview.php on line 233
[05-Oct-2020 11:30:22 Asia/Dhaka], PHP Notice:,  Undefined variable: nextansid in D:\htdocs\elearning\elearn_officers\clsofficersview.php on line 303
[05-Oct-2020 11:30:22 Asia/Dhaka], PHP Notice:,  Undefined index: total_row in D:\htdocs\elearning\elearn_officers\clsofficersview.php on line 233
[05-Oct-2020 11:30:22 Asia/Dhaka], PHP Notice:,  Undefined variable: nextansid in D:\htdocs\elearning\elearn_officers\clsofficersview.php on line 303
[05-Oct-2020 11:30:22 Asia/Dhaka], PHP Notice:,  Undefined index: total_row in D:\htdocs\elearning\elearn_officers\clsofficersview.php on line 233
[05-Oct-2020 11:30:22 Asia/Dhaka], PHP Notice:,  Undefined variable: nextansid in D:\htdocs\elearning\elearn_officers\clsofficersview.php on line 303
[05-Oct-2020 11:30:22 Asia/Dhaka], PHP Notice:,  Undefined index: total_row in D:\htdocs\elearning\elearn_officers\clsofficersview.php on line 233
[05-Oct-2020 11:30:22 Asia/Dhaka], PHP Notice:,  Undefined variable: nextansid in D:\htdocs\elearning\elearn_officers\clsofficersview.php on line 303
[05-Oct-2020 11:30:22 Asia/Dhaka], PHP Notice:,  Undefined index: total_row in D:\htdocs\elearning\elearn_officers\clsofficersview.php on line 233
[05-Oct-2020 11:30:22 Asia/Dhaka], PHP Notice:,  Undefined variable: nextansid in D:\htdocs\elearning\elearn_officers\clsofficersview.php on line 303
[05-Oct-2020 11:30:22 Asia/Dhaka], PHP Notice:,  Undefined index: total_row in D:\htdocs\elearning\elearn_officers\clsofficersview.php on line 233
[05-Oct-2020 11:30:22 Asia/Dhaka], PHP Notice:,  Undefined variable: nextansid in D:\htdocs\elearning\elearn_officers\clsofficersview.php on line 303
[05-Oct-2020 11:30:22 Asia/Dhaka], PHP Notice:,  Undefined index: total_row in D:\htdocs\elearning\elearn_officers\clsofficersview.php on line 233
[05-Oct-2020 11:30:22 Asia/Dhaka], PHP Notice:,  Undefined variable: nextansid in D:\htdocs\elearning\elearn_officers\clsofficersview.php on line 303
[05-Oct-2020 11:32:54 Asia/Dhaka], PHP Notice:,  Undefined offset: 1 in D:\htdocs\elearning\elearn_classes\clsdatainsert.php on line 354
[05-Oct-2020 11:32:57 Asia/Dhaka], PHP Notice:,  Undefined offset: 1 in D:\htdocs\elearning\elearn_classes\clsdatainsert.php on line 354
[05-Oct-2020 11:33:03 Asia/Dhaka], PHP Notice:,  Undefined offset: 1 in D:\htdocs\elearning\elearn_classes\clsdatainsert.php on line 354
[05-Oct-2020 11:33:05 Asia/Dhaka], PHP Notice:,  Undefined offset: 1 in D:\htdocs\elearning\elearn_classes\clsdatainsert.php on line 354
[05-Oct-2020 11:45:10 Asia/Dhaka], PHP Warning:,  sqlsrv_fetch_array() expects parameter 1 to be resource, bool given in D:\htdocs\elearning\elearn_classes\clsbasics.php on line 170
[05-Oct-2020 11:45:17 Asia/Dhaka], PHP Warning:,  sqlsrv_fetch_array() expects parameter 1 to be resource, bool given in D:\htdocs\elearning\elearn_classes\clsbasics.php on line 170
[05-Oct-2020 11:54:44 Asia/Dhaka], PHP Warning:,  sqlsrv_fetch_array() expects parameter 1 to be resource, bool given in D:\htdocs\elearning\elearn_co_ordinator\clscoordinatorview.php on line 56
[05-Oct-2020 11:54:45 Asia/Dhaka], PHP Warning:,  sqlsrv_fetch_array() expects parameter 1 to be resource, bool given in D:\htdocs\elearning\elearn_co_ordinator\clscoordinatorview.php on line 56
[05-Oct-2020 12:00:25 Asia/Dhaka], PHP Notice:, Undefined offset: 1 in D:\htdocs\elearning\elearn_classes\clsdatainsert.php on line 354
[05-Oct-2020 12:01:27 Asia/Dhaka], PHP Notice:, Undefined offset: 1 in D:\htdocs\elearning\elearn_classes\clsdatainsert.php on line 354
[05-Oct-2020 12:10:54 Asia/Dhaka], PHP Notice:, Undefined offset: 1 in D:\htdocs\elearning\elearn_classes\clsdatainsert.php on line 354
[05-Oct-2020 12:14:36 Asia/Dhaka], PHP Notice:, Undefined offset: 1 in D:\htdocs\elearning\elearn_classes\clsdatainsert.php on line 354
[06-Oct-2020 15:26:36 Asia/Dhaka], PHP Warning:,  fwrite() expects parameter 2 to be string, array given in D:\htdocs\easyjanata\jez_android_api\jez_pgateway\jez_api_paytrans_success.php on line 31
[08-Oct-2020 07:03:43 UTC], PHP Warning:,  PHP Startup: Unable to load dynamic library 'interbase' (tried: C:\php-7.3.9-Win32-VC15-x64\ext\interbase (The specified module could not be found.), C:\php-7.3.9-Win32-VC15-x64\ext\php_interbase.dll (The specified module could not be found.)) in Unknown on line 0
[08-Oct-2020 07:03:45 UTC], PHP Warning:, PHP Startup: Unable to load dynamic library 'interbase' (tried: C:\php-7.3.9-Win32-VC15-x64\ext\interbase (The specified module could not be found.), C:\php-7.3.9-Win32-VC15-x64\ext\php_interbase.dll (The specified module could not be found.)) in Unknown on line 0
[11-Oct-2020 15:45:28 Asia/Dhaka], PHP Notice:,  Undefined offset: 1 in D:\htdocs\easyjanata\jez_classes\clsdatainsert.php on line 516
[11-Oct-2020 15:51:25 Asia/Dhaka], PHP Notice:,  Undefined offset: 1 in D:\htdocs\easyjanata\jez_classes\clsdatainsert.php on line 516
[11-Oct-2020 15:54:06 Asia/Dhaka], PHP Notice:,  Undefined offset: 1 in D:\htdocs\easyjanata\jez_classes\clsdatainsert.php on line 521
[14-Oct-2020 15:33:10 UTC], PHP Warning:,  PHP Startup: Unable to load dynamic library 'interbase' (tried: C:\php-7.3.9-Win32-VC15-x64\ext\interbase (The specified module could not be found.), C:\php-7.3.9-Win32-VC15-x64\ext\php_interbase.dll (The specified module could not be found.)) in Unknown on line 0
[14-Oct-2020 15:33:15 UTC], PHP Warning:,  PHP Startup: Unable to load dynamic library 'interbase' (tried: C:\php-7.3.9-Win32-VC15-x64\ext\interbase (The specified module could not be found.), C:\php-7.3.9-Win32-VC15-x64\ext\php_interbase.dll (The specified module could not be found.)) in Unknown on line 0
[17-Oct-2020 08:38:41 UTC], PHP Warning:,  PHP Startup: Unable to load dynamic library 'interbase' (tried: C:\php-7.3.9-Win32-VC15-x64\ext\interbase (The specified module could not be found.), C:\php-7.3.9-Win32-VC15-x64\ext\php_interbase.dll (The specified module could not be found.)) in Unknown on line 0
[17-Oct-2020 08:38:52 UTC], PHP Warning:,  PHP Startup: Unable to load dynamic library 'interbase' (tried: C:\php-7.3.9-Win32-VC15-x64\ext\interbase (The specified module could not be found.), C:\php-7.3.9-Win32-VC15-x64\ext\php_interbase.dll (The specified module could not be found.)) in Unknown on line 0
[18-Oct-2020 17:54:14 Asia/Dhaka], PHP Warning:,  require_once(nusoap.php): failed to open stream: No such file or directory in D:\htdocs\wsdl_sample-code\soap-client.php on line 2
[18-Oct-2020 17:54:14 Asia/Dhaka], PHP Fatal error:,  require_once(): Failed opening required 'nusoap.php' (include_path='.;C:\php\pear') in D:\htdocs\wsdl_sample-code\soap-client.php on line 2
[23-Oct-2020 22:16:55 Asia/Dhaka], PHP Warning:,  mysqli::__construct(): (HY000/1049): Unknown database 'rest_php_api' in D:\htdocs\phpjwt\config\database.php on line 19
[23-Oct-2020 22:17:19 Asia/Dhaka], PHP Warning:,  mysqli::__construct(): (HY000/1049): Unknown database 'rest_php_api' in D:\htdocs\phpjwt\config\database.php on line 19
[23-Oct-2020 22:21:43 Asia/Dhaka], PHP Fatal error:,  Uncaught Error: Call to a member function execute() on bool in D:\htdocs\phpjwt\classes\Users.php:103
[23-Oct-2020 22:32:18 Asia/Dhaka], PHP Notice:,  Undefined index: Authorization in D:\htdocs\phpjwt\v1\user-projects-api.php on line 26
[23-Oct-2020 22:32:31 Asia/Dhaka], PHP Fatal error:,  Uncaught Error: Call to a member function execute() on bool in D:\htdocs\phpjwt\classes\Users.php:103
[23-Oct-2020 22:53:45 Asia/Dhaka], PHP Notice:,  Undefined index: id in D:\htdocs\phpjwt\v1\login-api.php on line 48
[23-Oct-2020 23:00:39 Asia/Dhaka], PHP Notice:,  Undefined index: Authorization in D:\htdocs\phpjwt\v1\read-data.php on line 27
[23-Oct-2020 23:00:39 Asia/Dhaka], PHP Warning:,  Creating default object from empty value in D:\htdocs\phpjwt\v1\read-data.php on line 27
[23-Oct-2020 23:06:52 Asia/Dhaka], PHP Notice: , Undefined index: Authorization in D:\htdocs\phpjwt\v1\read-data.php on line 27
[23-Oct-2020 23:06:52 Asia/Dhaka], PHP Warning:,  Creating default object from empty value in D:\htdocs\phpjwt\v1\read-data.php on line 27
[23-Oct-2020 23:07:25 Asia/Dhaka], PHP Warning:,  Creating default object from empty value in D:\htdocs\phpjwt\v1\read-data.php on line 27
[23-Oct-2020 23:07:43 Asia/Dhaka], PHP Warning:,  Creating default object from empty value in D:\htdocs\phpjwt\v1\read-data.php on line 27
[23-Oct-2020 23:07:52 Asia/Dhaka], PHP Notice:, Undefined index: Authorization in D:\htdocs\phpjwt\v1\read-data.php on line 27
[23-Oct-2020 23:07:52 Asia/Dhaka], PHP Warning:,  Creating default object from empty value in D:\htdocs\phpjwt\v1\read-data.php on line 27
[23-Oct-2020 23:15:56 Asia/Dhaka], PHP Warning:,  Creating default object from empty value in D:\htdocs\phpjwt\v1\read-data.php on line 27
[23-Oct-2020 23:16:22 Asia/Dhaka], PHP Warning:,  Creating default object from empty value in D:\htdocs\phpjwt\v1\read-data.php on line 27
[23-Oct-2020 23:16:53 Asia/Dhaka], PHP Warning:, Creating default object from empty value in D:\htdocs\phpjwt\v1\read-data.php on line 27
[23-Oct-2020 23:16:54 Asia/Dhaka], PHP Warning:, Creating default object from empty value in D:\htdocs\phpjwt\v1\read-data.php on line 27
[23-Oct-2020 23:16:59 Asia/Dhaka], PHP Warning:, Creating default object from empty value in D:\htdocs\phpjwt\v1\read-data.php on line 27
[24-Oct-2020 10:29:05 Asia/Dhaka], PHP Warning:, Creating default object from empty value in D:\htdocs\phpjwt\v1\read-data.php on line 27
[24-Oct-2020 10:29:21 Asia/Dhaka], PHP Warning:, Creating default object from empty value in D:\htdocs\phpjwt\v1\read-data.php on line 27
[24-Oct-2020 10:29:23 Asia/Dhaka], PHP Warning:, Creating default object from empty value in D:\htdocs\phpjwt\v1\read-data.php on line 27
[24-Oct-2020 10:29:24 Asia/Dhaka], PHP Warning:, Creating default object from empty value in D:\htdocs\phpjwt\v1\read-data.php on line 27
[24-Oct-2020 10:29:38 Asia/Dhaka], PHP Warning:,  Creating default object from empty value in D:\htdocs\phpjwt\v1\read-data.php on line 27
[24-Oct-2020 10:30:00 Asia/Dhaka], PHP Warning:,  Creating default object from empty value in D:\htdocs\phpjwt\v1\read-data.php on line 27
[24-Oct-2020 10:32:16 Asia/Dhaka], PHP Warning:,  Creating default object from empty value in D:\htdocs\phpjwt\v1\read-data.php on line 27
[24-Oct-2020 10:33:33 Asia/Dhaka], PHP Warning:,  Creating default object from empty value in D:\htdocs\phpjwt\v1\read-data.php on line 27
[24-Oct-2020 10:35:44 Asia/Dhaka], PHP Warning:,  Creating default object from empty value in D:\htdocs\phpjwt\v1\read-data.php on line 27
[24-Oct-2020 10:35:44 Asia/Dhaka], PHP Fatal error:,  Uncaught Error: Class 'JWT' not found in D:\htdocs\phpjwt\v1\read-data.php:35
[24-Oct-2020 10:39:40 Asia/Dhaka], PHP Warning:,  Creating default object from empty value in D:\htdocs\phpjwt\v1\read-data.php on line 27
[24-Oct-2020 10:46:21 Asia/Dhaka], PHP Warning:,  Creating default object from empty value in D:\htdocs\phpjwt\v1\read-data.php on line 27
[24-Oct-2020 10:49:06 Asia/Dhaka], PHP Warning:,  Creating default object from empty value in D:\htdocs\phpjwt\v1\read-data.php on line 27
[24-Oct-2020 10:49:27 Asia/Dhaka], PHP Warning:,  Creating default object from empty value in D:\htdocs\phpjwt\v1\read-data.php on line 27
[24-Oct-2020 10:49:31 Asia/Dhaka], PHP Warning: , Creating default object from empty value in D:\htdocs\phpjwt\v1\read-data.php on line 27
[24-Oct-2020 10:49:32 Asia/Dhaka], PHP Warning: , Creating default object from empty value in D:\htdocs\phpjwt\v1\read-data.php on line 27
[24-Oct-2020 10:49:40 Asia/Dhaka], PHP Warning: , Creating default object from empty value in D:\htdocs\phpjwt\v1\read-data.php on line 27
[24-Oct-2020 10:49:45 Asia/Dhaka], PHP Warning: , Creating default object from empty value in D:\htdocs\phpjwt\v1\read-data.php on line 27
[24-Oct-2020 10:49:46 Asia/Dhaka], PHP Warning: , Creating default object from empty value in D:\htdocs\phpjwt\v1\read-data.php on line 27
[24-Oct-2020 10:49:47 Asia/Dhaka], PHP Warning: , Creating default object from empty value in D:\htdocs\phpjwt\v1\read-data.php on line 27
[24-Oct-2020 10:51:13 Asia/Dhaka], PHP Warning: , Creating default object from empty value in D:\htdocs\phpjwt\v1\read-data.php on line 27
[24-Oct-2020 10:53:15 Asia/Dhaka], PHP Warning: , Creating default object from empty value in D:\htdocs\phpjwt\v1\read-data.php on line 27
[24-Oct-2020 10:57:05 Asia/Dhaka], PHP Warning: , Creating default object from empty value in D:\htdocs\phpjwt\v1\read-data.php on line 27
[24-Oct-2020 10:57:08 Asia/Dhaka], PHP Warning: , Creating default object from empty value in D:\htdocs\phpjwt\v1\read-data.php on line 27
[24-Oct-2020 10:57:22 Asia/Dhaka], PHP Warning: , Creating default object from empty value in D:\htdocs\phpjwt\v1\read-data.php on line 27
[24-Oct-2020 10:59:24 Asia/Dhaka], PHP Warning:,  Creating default object from empty value in D:\htdocs\phpjwt\v1\read-data.php on line 27
[24-Oct-2020 13:06:43 Asia/Dhaka], PHP Notice:  , Undefined property: stdClass::$white_ip in D:\htdocs\phpjwt\v1\login-api.php on line 30
[24-Oct-2020 13:17:36 Asia/Dhaka], PHP Recoverable fatal error:,  Object of class stdClass could not be converted to string in D:\htdocs\phpjwt\v1\read-data.php on line 43
[24-Oct-2020 16:29:20 Asia/Dhaka], PHP Notice:,  Undefined variable: body_data in D:\htdocs\phpjwt\v1\read-data.php on line 43
[24-Oct-2020 13:00:11 UTC], PHP Warning:,  PHP Startup: Unable to load dynamic library 'interbase' (tried: C:\php-7.3.9-Win32-VC15-x64\ext\interbase (The specified module could not be found.), C:\php-7.3.9-Win32-VC15-x64\ext\php_interbase.dll (The specified module could not be found.)) in Unknown on line 0
[24-Oct-2020 13:00:12 UTC], PHP Warning:,  PHP Startup: Unable to load dynamic library 'interbase' (tried: C:\php-7.3.9-Win32-VC15-x64\ext\interbase (The specified module could not be found.), C:\php-7.3.9-Win32-VC15-x64\ext\php_interbase.dll (The specified module could not be found.)) in Unknown on line 0
[24-Oct-2020 13:21:30 UTC], PHP Warning:,  PHP Startup: Unable to load dynamic library 'interbase' (tried: C:\php-7.3.9-Win32-VC15-x64\ext\interbase (The specified module could not be found.), C:\php-7.3.9-Win32-VC15-x64\ext\php_interbase.dll (The specified module could not be found.)) in Unknown on line 0
[24-Oct-2020 13:21:30 UTC], PHP Warning:,  PHP Startup: Unable to load dynamic library 'interbase' (tried: C:\php-7.3.9-Win32-VC15-x64\ext\interbase (The specified module could not be found.), C:\php-7.3.9-Win32-VC15-x64\ext\php_interbase.dll (The specified module could not be found.)) in Unknown on line 0
[24-Oct-2020 13:22:50 UTC], PHP Warning:,  PHP Startup: Unable to load dynamic library 'interbase' (tried: C:\php-7.3.9-Win32-VC15-x64\ext\interbase (The specified module could not be found.), C:\php-7.3.9-Win32-VC15-x64\ext\php_interbase.dll (The specified module could not be found.)) in Unknown on line 0
[24-Oct-2020 13:22:50 UTC], PHP Warning:,  PHP Startup: Unable to load dynamic library 'interbase' (tried: C:\php-7.3.9-Win32-VC15-x64\ext\interbase (The specified module could not be found.), C:\php-7.3.9-Win32-VC15-x64\ext\php_interbase.dll (The specified module could not be found.)) in Unknown on line 0
[24-Oct-2020 13:24:12 UTC], PHP Warning:,  PHP Startup: Unable to load dynamic library 'interbase' (tried: C:\php-7.3.9-Win32-VC15-x64\ext\interbase (The specified module could not be found.), C:\php-7.3.9-Win32-VC15-x64\ext\php_interbase.dll (The specified module could not be found.)) in Unknown on line 0
[24-Oct-2020 13:24:12 UTC], PHP Warning:,  PHP Startup: Unable to load dynamic library 'interbase' (tried: C:\php-7.3.9-Win32-VC15-x64\ext\interbase (The specified module could not be found.), C:\php-7.3.9-Win32-VC15-x64\ext\php_interbase.dll (The specified module could not be found.)) in Unknown on line 0
[24-Oct-2020 13:24:59 UTC], PHP Warning:,  PHP Startup: Unable to load dynamic library 'interbase' (tried: C:\php-7.3.9-Win32-VC15-x64\ext\interbase (The specified module could not be found.), C:\php-7.3.9-Win32-VC15-x64\ext\php_interbase.dll (The specified module could not be found.)) in Unknown on line 0
[24-Oct-2020 13:25:00 UTC], PHP Warning:,  PHP Startup: Unable to load dynamic library 'interbase' (tried: C:\php-7.3.9-Win32-VC15-x64\ext\interbase (The specified module could not be found.), C:\php-7.3.9-Win32-VC15-x64\ext\php_interbase.dll (The specified module could not be found.)) in Unknown on line 0
[24-Oct-2020 13:33:59 UTC], PHP Warning:,  PHP Startup: Unable to load dynamic library 'interbase' (tried: C:\php-7.3.9-Win32-VC15-x64\ext\interbase (The specified module could not be found.), C:\php-7.3.9-Win32-VC15-x64\ext\php_interbase.dll (The specified module could not be found.)) in Unknown on line 0
[24-Oct-2020 13:34:00 UTC], PHP Warning:,  PHP Startup: Unable to load dynamic library 'interbase' (tried: C:\php-7.3.9-Win32-VC15-x64\ext\interbase (The specified module could not be found.), C:\php-7.3.9-Win32-VC15-x64\ext\php_interbase.dll (The specified module could not be found.)) in Unknown on line 0
[25-Oct-2020 13:50:27 UTC], PHP Warning:,  PHP Startup: Unable to load dynamic library 'interbase' (tried: C:\php-7.3.9-Win32-VC15-x64\ext\interbase (The specified module could not be found.), C:\php-7.3.9-Win32-VC15-x64\ext\php_interbase.dll (The specified module could not be found.)) in Unknown on line 0
[25-Oct-2020 13:50:27 UTC], PHP Warning:,  PHP Startup: Unable to load dynamic library 'interbase' (tried: C:\php-7.3.9-Win32-VC15-x64\ext\interbase (The specified module could not be found.), C:\php-7.3.9-Win32-VC15-x64\ext\php_interbase.dll (The specified module could not be found.)) in Unknown on line 0
[30-Oct-2020 02:10:28 UTC], PHP Warning:,  PHP Startup: Unable to load dynamic library 'interbase' (tried: C:\php-7.3.9-Win32-VC15-x64\ext\interbase (The specified module could not be found.), C:\php-7.3.9-Win32-VC15-x64\ext\php_interbase.dll (The specified module could not be found.)) in Unknown on line 0
[30-Oct-2020 02:10:34 UTC], PHP Warning:,  PHP Startup: Unable to load dynamic library 'interbase' (tried: C:\php-7.3.9-Win32-VC15-x64\ext\interbase (The specified module could not be found.), C:\php-7.3.9-Win32-VC15-x64\ext\php_interbase.dll (The specified module could not be found.)) in Unknown on line 0
[01-Nov-2020 21:22:26 Asia/Dhaka], PHP Warning: , require_once(nusoap.php): failed to open stream: No such file or directory in D:\htdocs\wsdl_sample-code\soap-server.php on line 2
[01-Nov-2020 21:22:26 Asia/Dhaka], PHP Fatal error: , require_once(): Failed opening required 'nusoap.php' (include_path='.;C:\php\pear') in D:\htdocs\wsdl_sample-code\soap-server.php on line 2
[01-Nov-2020 21:26:32 Asia/Dhaka], PHP Notice: , Undefined variable: HTTP_RAW_POST_DATA in D:\htdocs\wsdl_sample-code\soap-server.php on line 15
[01-Nov-2020 21:26:42 Asia/Dhaka], PHP Notice: , Undefined variable: HTTP_RAW_POST_DATA in D:\htdocs\wsdl_sample-code\soap-server.php on line 15
[02-Nov-2020 10:27:11 Asia/Dhaka], PHP Notice: , Undefined variable: HTTP_RAW_POST_DATA in D:\htdocs\wsdl_sample-code\soap-server.php on line 15
[02-Nov-2020 10:27:24 Asia/Dhaka], PHP Notice: , Undefined variable: HTTP_RAW_POST_DATA in D:\htdocs\wsdl_sample-code\soap-server.php on line 15
[02-Nov-2020 10:30:36 Asia/Dhaka], PHP Warning: , SoapClient::SoapClient() expects parameter 2 to be array, string given in D:\htdocs\wsdl_sample-code\soap-client.php on line 4
[02-Nov-2020 10:30:37 Asia/Dhaka], PHP Fatal error:,  Uncaught SoapFault exception: [Client] SoapClient::SoapClient(): Invalid parameters in D:\htdocs\wsdl_sample-code\soap-client.php:4
[05-Nov-2020 15:33:47 Asia/Dhaka], PHP Notice:,  Undefined offset: 5 in D:\htdocs\wsdl_sample-code\xml_parser.php on line 40
[05-Nov-2020 15:33:57 Asia/Dhaka], PHP Notice:,  Undefined offset: 4 in D:\htdocs\wsdl_sample-code\xml_parser.php on line 40
[05-Nov-2020 15:34:12 Asia/Dhaka], PHP Notice:,  Undefined offset: 3 in D:\htdocs\wsdl_sample-code\xml_parser.php on line 40
[05-Nov-2020 15:34:12 Asia/Dhaka], PHP Notice:,  Undefined offset: 3 in D:\htdocs\wsdl_sample-code\xml_parser.php on line 40
[05-Nov-2020 15:38:41 Asia/Dhaka], PHP Warning:,  Invalid argument supplied for foreach() in D:\htdocs\wsdl_sample-code\xml_parser.php on line 44
[05-Nov-2020 15:39:53 Asia/Dhaka], PHP Notice:,  Undefined variable: child in D:\htdocs\wsdl_sample-code\xml_parser.php on line 44
[05-Nov-2020 15:39:53 Asia/Dhaka], PHP Notice:,  Trying to get property 'SessionID' of non-object in D:\htdocs\wsdl_sample-code\xml_parser.php on line 44
[05-Nov-2020 15:39:53 Asia/Dhaka], PHP Warning:,  Invalid argument supplied for foreach() in D:\htdocs\wsdl_sample-code\xml_parser.php on line 44
[05-Nov-2020 15:40:12 Asia/Dhaka], PHP Notice:,  Trying to get property 'SessionID' of non-object in D:\htdocs\wsdl_sample-code\xml_parser.php on line 44
[05-Nov-2020 15:40:12 Asia/Dhaka], PHP Warning:,  Invalid argument supplied for foreach() in D:\htdocs\wsdl_sample-code\xml_parser.php on line 44
[05-Nov-2020 15:40:56 Asia/Dhaka], PHP Notice:,  Trying to get property 'GetSessionIDResponse' of non-object in D:\htdocs\wsdl_sample-code\xml_parser.php on line 44
[05-Nov-2020 15:40:56 Asia/Dhaka], PHP Warning:,  Invalid argument supplied for foreach() in D:\htdocs\wsdl_sample-code\xml_parser.php on line 44
[05-Nov-2020 15:41:22 Asia/Dhaka], PHP Notice: , Trying to get property 'GetSessionIDResponse' of non-object in D:\htdocs\wsdl_sample-code\xml_parser.php on line 41
[05-Nov-2020 15:41:22 Asia/Dhaka], PHP Notice: , Trying to get property 'GetSessionIDResponse' of non-object in D:\htdocs\wsdl_sample-code\xml_parser.php on line 44
[05-Nov-2020 15:41:22 Asia/Dhaka], PHP Warning:,  Invalid argument supplied for foreach() in D:\htdocs\wsdl_sample-code\xml_parser.php on line 44
[09-Nov-2020 12:27:23 UTC] ,PHP Warning: , PHP Startup: Unable to load dynamic library 'interbase' (tried: C:\php-7.3.9-Win32-VC15-x64\ext\interbase (The specified module could not be found.), C:\php-7.3.9-Win32-VC15-x64\ext\php_interbase.dll (The specified module could not be found.)) in Unknown on line 0
[09-Nov-2020 12:27:40 UTC], PHP Warning: , PHP Startup: Unable to load dynamic library 'interbase' (tried: C:\php-7.3.9-Win32-VC15-x64\ext\interbase (The specified module could not be found.), C:\php-7.3.9-Win32-VC15-x64\ext\php_interbase.dll (The specified module could not be found.)) in Unknown on line 0
