INFO 2020-11-26 12:37:06,821 autoreload 13852 7836 Watching for file changes with StatReloader
WARNING 2020-11-26 12:37:10,289 log 13852 11628 Not Found: /
WARNING 2020-11-26 12:37:10,290 basehttp 13852 11628 "GET / HTTP/1.1" 404 2469
INFO 2020-11-26 12:37:45,656 autoreload 13852 7836 E:\Programming\Python\Django-Tutorial\django-logging\DjangoLoggingApp-master\djangoLogging\urls.py changed, reloading.
INFO 2020-11-26 12:37:46,377 autoreload 504 3624 Watching for file changes with StatReloader
INFO 2020-11-26 12:37:48,551 views 504 15120 >>>>>>>>>>>>>> Something Debug wrong!
INFO 2020-11-26 12:37:48,904 basehttp 504 15120 "GET /addUser/ HTTP/1.1" 200 26
WARNING 2020-11-26 12:38:04,904 log 504 15120 Not Found: /adSomething/
WARNING 2020-11-26 12:38:04,905 basehttp 504 15120 "GET /adSomething/ HTTP/1.1" 404 2525
INFO 2020-11-26 12:39:58,750 autoreload 504 3624 E:\Programming\Python\Django-Tutorial\django-logging\DjangoLoggingApp-master\djangoLogging\settings.py changed, reloading.
INFO 2020-11-26 12:39:59,432 autoreload 9460 13012 Watching for file changes with StatReloader
INFO 2020-11-26 12:40:05,802 autoreload 9460 13012 E:\Programming\Python\Django-Tutorial\django-logging\DjangoLoggingApp-master\djangoLogging\settings.py changed, reloading.
INFO 2020-11-26 12:40:06,614 autoreload 10148 6680 Watching for file changes with StatReloader
WARNING 2020-11-26 12:40:10,318 log 10148 13784 Not Found: /
WARNING 2020-11-26 12:40:10,318 basehttp 10148 13784 "GET / HTTP/1.1" 404 2471
INFO 2020-11-26 12:40:19,728 views 10148 13784 >>>>>>>>>>>>>> Something Debug wrong!
INFO 2020-11-26 12:40:19,729 basehttp 10148 13784 "GET /addUser/ HTTP/1.1" 200 26
INFO 2020-11-26 12:42:46,059 autoreload 10148 6680 E:\Programming\Python\Django-Tutorial\django-logging\DjangoLoggingApp-master\djangoLogging\settings.py changed, reloading.
INFO 2020-11-26 12:43:15,230 autoreload 10764 10064 Watching for file changes with StatReloader
INFO 2020-11-26 12:43:15,230 autoreload 3780 1700 Watching for file changes with StatReloader
WARNING 2020-11-26 12:43:20,424 log 10764 14720 Not Found: /
WARNING 2020-11-26 12:43:20,424 basehttp 10764 14720 "GET / HTTP/1.1" 404 2471
